{"uuid":"3e7a1d90-1268-40c0-9310-b90c91e8a40b","name":"Test.JewelryTest","children":["d2496037-5d6b-4265-8d1e-d4e2d5d1bc8c","808b46f9-d390-4db6-a169-f6a345ae7ed5","e7d589ab-c194-4144-8df8-a990e5e5908a","a914bfd8-eadf-4542-be40-30b631be8229"],"befores":[{"name":"BrowserSetup","status":"passed","stage":"finished","description":"","steps":[],"attachments":[],"parameters":[],"start":1669271648844,"stop":1669271685187}],"afters":[{"name":"ClosingBrowser","status":"broken","statusDetails":{"known":false,"muted":false,"flaky":false,"message":"Timed out waiting for driver server to stop.\nBuild info: version: '4.4.0', revision: 'e5c75ed026a'\nSystem info: host: 'DESKTOP-SIB3JK6', ip: '10.10.60.199', os.name: 'Windows 10', os.arch: 'amd64', os.version: '10.0', java.version: '18.0.1'\nDriver info: org.openqa.selenium.chrome.ChromeDriver\nCommand: [8b6a3bd3865473aaffaca4c0f70aa469, quit {}]\nCapabilities {acceptInsecureCerts: false, browserName: chrome, browserVersion: 107.0.5304.107, chrome: {chromedriverVersion: 107.0.5304.62 (1eec40d3a576..., userDataDir: C:\\Users\\VANISH~1\\AppData\\L...}, goog:chromeOptions: {debuggerAddress: localhost:63755}, networkConnectionEnabled: false, pageLoadStrategy: normal, platformName: WINDOWS, proxy: Proxy(), se:cdp: ws://localhost:63755/devtoo..., se:cdpVersion: 107.0.5304.107, setWindowRect: true, strictFileInteractability: false, timeouts: {implicit: 0, pageLoad: 300000, script: 30000}, unhandledPromptBehavior: dismiss and notify, webauthn:extension:credBlob: true, webauthn:extension:largeBlob: true, webauthn:virtualAuthenticators: true}\nSession ID: 8b6a3bd3865473aaffaca4c0f70aa469","trace":"org.openqa.selenium.WebDriverException: Timed out waiting for driver server to stop.\nBuild info: version: '4.4.0', revision: 'e5c75ed026a'\nSystem info: host: 'DESKTOP-SIB3JK6', ip: '10.10.60.199', os.name: 'Windows 10', os.arch: 'amd64', os.version: '10.0', java.version: '18.0.1'\nDriver info: org.openqa.selenium.chrome.ChromeDriver\nCommand: [8b6a3bd3865473aaffaca4c0f70aa469, quit {}]\nCapabilities {acceptInsecureCerts: false, browserName: chrome, browserVersion: 107.0.5304.107, chrome: {chromedriverVersion: 107.0.5304.62 (1eec40d3a576..., userDataDir: C:\\Users\\VANISH~1\\AppData\\L...}, goog:chromeOptions: {debuggerAddress: localhost:63755}, networkConnectionEnabled: false, pageLoadStrategy: normal, platformName: WINDOWS, proxy: Proxy(), se:cdp: ws://localhost:63755/devtoo..., se:cdpVersion: 107.0.5304.107, setWindowRect: true, strictFileInteractability: false, timeouts: {implicit: 0, pageLoad: 300000, script: 30000}, unhandledPromptBehavior: dismiss and notify, webauthn:extension:credBlob: true, webauthn:extension:largeBlob: true, webauthn:virtualAuthenticators: true}\nSession ID: 8b6a3bd3865473aaffaca4c0f70aa469\r\n\tat org.openqa.selenium.remote.service.DriverCommandExecutor.execute(DriverCommandExecutor.java:132)\r\n\tat org.openqa.selenium.remote.RemoteWebDriver.execute(RemoteWebDriver.java:547)\r\n\tat org.openqa.selenium.remote.RemoteWebDriver.execute(RemoteWebDriver.java:602)\r\n\tat org.openqa.selenium.remote.RemoteWebDriver.execute(RemoteWebDriver.java:606)\r\n\tat org.openqa.selenium.remote.RemoteWebDriver.quit(RemoteWebDriver.java:443)\r\n\tat org.openqa.selenium.chromium.ChromiumDriver.quit(ChromiumDriver.java:280)\r\n\tat GenericLibrary.BaseTest.ClosingBrowser(BaseTest.java:26)\r\n\tat java.base/jdk.internal.reflect.DirectMethodHandleAccessor.invoke(DirectMethodHandleAccessor.java:104)\r\n\tat java.base/java.lang.reflect.Method.invoke(Method.java:577)\r\n\tat org.testng.internal.MethodInvocationHelper.invokeMethod(MethodInvocationHelper.java:133)\r\n\tat org.testng.internal.MethodInvocationHelper.invokeMethodConsideringTimeout(MethodInvocationHelper.java:62)\r\n\tat org.testng.internal.ConfigInvoker.invokeConfigurationMethod(ConfigInvoker.java:385)\r\n\tat org.testng.internal.ConfigInvoker.invokeConfigurations(ConfigInvoker.java:321)\r\n\tat org.testng.internal.TestMethodWorker.invokeAfterClassMethods(TestMethodWorker.java:217)\r\n\tat org.testng.internal.TestMethodWorker.run(TestMethodWorker.java:130)\r\n\tat java.base/java.util.concurrent.ThreadPoolExecutor.runWorker(ThreadPoolExecutor.java:1136)\r\n\tat java.base/java.util.concurrent.ThreadPoolExecutor$Worker.run(ThreadPoolExecutor.java:635)\r\n\tat java.base/java.lang.Thread.run(Thread.java:833)\r\nCaused by: java.util.concurrent.ExecutionException: org.openqa.selenium.TimeoutException: Process timed out after waiting for 20000 ms.\nBuild info: version: '4.4.0', revision: 'e5c75ed026a'\nSystem info: host: 'DESKTOP-SIB3JK6', ip: '10.10.60.199', os.name: 'Windows 10', os.arch: 'amd64', os.version: '10.0', java.version: '18.0.1'\nDriver info: driver.version: unknown\r\n\tat java.base/java.util.concurrent.CompletableFuture.reportGet(CompletableFuture.java:396)\r\n\tat java.base/java.util.concurrent.CompletableFuture.get(CompletableFuture.java:2096)\r\n\tat org.openqa.selenium.remote.service.DriverCommandExecutor.execute(DriverCommandExecutor.java:128)\r\n\t... 17 more\r\nCaused by: org.openqa.selenium.TimeoutException: Process timed out after waiting for 20000 ms.\nBuild info: version: '4.4.0', revision: 'e5c75ed026a'\nSystem info: host: 'DESKTOP-SIB3JK6', ip: '10.10.60.199', os.name: 'Windows 10', os.arch: 'amd64', os.version: '10.0', java.version: '18.0.1'\nDriver info: driver.version: unknown\r\n\tat org.openqa.selenium.os.OsProcess.waitFor(OsProcess.java:174)\r\n\tat org.openqa.selenium.os.CommandLine.waitFor(CommandLine.java:114)\r\n\tat org.openqa.selenium.remote.service.DriverCommandExecutor.lambda$execute$2(DriverCommandExecutor.java:122)\r\n\tat java.base/java.util.concurrent.CompletableFuture$AsyncSupply.run(CompletableFuture.java:1768)\r\n\t... 3 more\r\n"},"stage":"finished","description":"","steps":[],"attachments":[],"parameters":[],"start":1669271715033,"stop":1669271738775}],"start":1669271648791,"stop":1669271741656}